GameBuild/unityLibrary/build/intermediates/manifest_merge_blame_file/debug/manifest-merger-blame-debug-report.txt
1<?xml version="1.0" encoding="utf-8"?>
2<manifest xmlns:android="http://schemas.android.com/apk/res/android"
3    xmlns:tools="http://schemas.android.com/tools"
4    package="com.unity3d.player" >
5
6    <uses-sdk
7        android:minSdkVersion="22"
7-->src\main\AndroidManifest.xml
8        android:targetSdkVersion="30" />
8-->src\main\AndroidManifest.xml
9
10    <uses-feature android:glEsVersion="0x00030000" />
10-->src\main\AndroidManifest.xml:18:3-52
10-->src\main\AndroidManifest.xml:18:17-49
11    <uses-feature
11-->src\main\AndroidManifest.xml:19:3-91
12        android:name="android.hardware.vulkan.version"
12-->src\main\AndroidManifest.xml:19:17-63
13        android:required="false" />
13-->src\main\AndroidManifest.xml:19:64-88
14    <uses-feature
14-->src\main\AndroidManifest.xml:20:3-88
15        android:name="android.hardware.touchscreen"
15-->src\main\AndroidManifest.xml:20:17-60
16        android:required="false" />
16-->src\main\AndroidManifest.xml:20:61-85
17    <uses-feature
17-->src\main\AndroidManifest.xml:21:3-99
18        android:name="android.hardware.touchscreen.multitouch"
18-->src\main\AndroidManifest.xml:21:17-71
19        android:required="false" />
19-->src\main\AndroidManifest.xml:21:72-96
20    <uses-feature
20-->src\main\AndroidManifest.xml:22:3-108
21        android:name="android.hardware.touchscreen.multitouch.distinct"
21-->src\main\AndroidManifest.xml:22:17-80
22        android:required="false" />
22-->src\main\AndroidManifest.xml:22:81-105
23
24    <application android:extractNativeLibs="true" >
24-->src\main\AndroidManifest.xml:3:3-17:17
24-->src\main\AndroidManifest.xml:3:16-48
25        <activity
25-->src\main\AndroidManifest.xml:4:5-11:16
26            android:name="com.unity3d.player.UnityPlayerActivity"
26-->src\main\AndroidManifest.xml:4:15-68
27            android:configChanges="mcc|mnc|locale|touchscreen|keyboard|keyboardHidden|navigation|orientation|screenLayout|uiMode|screenSize|smallestScreenSize|fontScale|layoutDirection|density"
27-->src\main\AndroidManifest.xml:4:180-361
28            android:hardwareAccelerated="false"
28-->src\main\AndroidManifest.xml:4:397-432
29            android:launchMode="singleTask"
29-->src\main\AndroidManifest.xml:4:148-179
30            android:resizeableActivity="false"
30-->src\main\AndroidManifest.xml:4:362-396
31            android:screenOrientation="portrait"
31-->src\main\AndroidManifest.xml:4:111-147
32            android:theme="@style/UnityThemeSelector" >
32-->src\main\AndroidManifest.xml:4:69-110
33            <intent-filter>
33-->src\main\AndroidManifest.xml:5:7-8:23
34                <action android:name="android.intent.action.MAIN" />
34-->src\main\AndroidManifest.xml:6:9-61
34-->src\main\AndroidManifest.xml:6:17-58
35
36                <category android:name="android.intent.category.LAUNCHER" />
36-->src\main\AndroidManifest.xml:7:9-69
36-->src\main\AndroidManifest.xml:7:19-66
37            </intent-filter>
38
39            <meta-data
39-->src\main\AndroidManifest.xml:9:7-82
40                android:name="unityplayer.UnityActivity"
40-->src\main\AndroidManifest.xml:9:18-58
41                android:value="true" />
41-->src\main\AndroidManifest.xml:9:59-79
42            <meta-data
42-->src\main\AndroidManifest.xml:10:7-78
43                android:name="android.notch_support"
43-->src\main\AndroidManifest.xml:10:18-54
44                android:value="true" />
44-->src\main\AndroidManifest.xml:10:55-75
45        </activity>
46
47        <meta-data
47-->src\main\AndroidManifest.xml:12:5-69
48            android:name="unity.splash-mode"
48-->src\main\AndroidManifest.xml:12:16-48
49            android:value="0" />
49-->src\main\AndroidManifest.xml:12:49-66
50        <meta-data
50-->src\main\AndroidManifest.xml:13:5-74
51            android:name="unity.splash-enable"
51-->src\main\AndroidManifest.xml:13:16-50
52            android:value="True" />
52-->src\main\AndroidManifest.xml:13:51-71
53        <meta-data
53-->src\main\AndroidManifest.xml:14:5-78
54            android:name="unity.launch-fullscreen"
54-->src\main\AndroidManifest.xml:14:16-54
55            android:value="True" />
55-->src\main\AndroidManifest.xml:14:55-75
56        <meta-data
56-->src\main\AndroidManifest.xml:15:5-84
57            android:name="unity.allow-resizable-window"
57-->src\main\AndroidManifest.xml:15:16-59
58            android:value="False" />
58-->src\main\AndroidManifest.xml:15:60-81
59        <meta-data
59-->src\main\AndroidManifest.xml:16:5-81
60            android:name="notch.config"
60-->src\main\AndroidManifest.xml:16:16-43
61            android:value="portrait|landscape" />
61-->src\main\AndroidManifest.xml:16:44-78
62    </application>
63
64</manifest>